<?xml version="1.0" encoding="UTF-8"?>
<robot generator="Robot 4.1.3 (Python 3.9.5 on win32)" generated="20220303 16:06:02.908" rpa="false" schemaversion="2">
<suite id="s1" name="DDT2 Csv" source="C:\Users\Lenovo\PycharmProjects\Automate\TestCases\DDT2_Csv.robot">
<kw name="Open" library="Login_resources" type="SETUP">
<kw name="Open Browser" library="SeleniumLibrary">
<arg>${loginurl}</arg>
<arg>${browser}</arg>
<doc>Opens a new browser instance to the optional ``url``.</doc>
<msg timestamp="20220303 16:06:03.386" level="INFO">Opening browser 'chrome' to base url 'https://admin-demo.nopcommerce.com'.</msg>
<status status="PASS" starttime="20220303 16:06:03.385" endtime="20220303 16:06:06.649"/>
</kw>
<kw name="Maximize Browser Window" library="SeleniumLibrary">
<doc>Maximizes current browser window.</doc>
<status status="PASS" starttime="20220303 16:06:06.649" endtime="20220303 16:06:06.768"/>
</kw>
<status status="PASS" starttime="20220303 16:06:03.384" endtime="20220303 16:06:06.768"/>
</kw>
<test id="s1-t1" name="LoginTestwithCSV using adm@yourstone.com and xyz">
<kw name="InvalidLogin">
<arg>adm@yourstone.com</arg>
<arg>xyz</arg>
<kw name="InputUsername" library="Login_resources">
<arg>${username}</arg>
<kw name="Input Text" library="SeleniumLibrary">
<arg>name:Email</arg>
<arg>${username}</arg>
<doc>Types the given ``text`` into the text field identified by ``locator``.</doc>
<msg timestamp="20220303 16:06:06.772" level="INFO">Typing text 'adm@yourstone.com' into text field 'name:Email'.</msg>
<status status="PASS" starttime="20220303 16:06:06.772" endtime="20220303 16:06:06.919"/>
</kw>
<status status="PASS" starttime="20220303 16:06:06.771" endtime="20220303 16:06:06.919"/>
</kw>
<kw name="InputPWD" library="Login_resources">
<arg>${password}</arg>
<kw name="Input Text" library="SeleniumLibrary">
<arg>name:Password</arg>
<arg>${password}</arg>
<doc>Types the given ``text`` into the text field identified by ``locator``.</doc>
<msg timestamp="20220303 16:06:06.920" level="INFO">Typing text 'xyz' into text field 'name:Password'.</msg>
<status status="PASS" starttime="20220303 16:06:06.920" endtime="20220303 16:06:07.044"/>
</kw>
<status status="PASS" starttime="20220303 16:06:06.919" endtime="20220303 16:06:07.044"/>
</kw>
<kw name="ClickLoginButton" library="Login_resources">
<kw name="Click Element" library="SeleniumLibrary">
<arg>xpath://button[@class='button-1 login-button']</arg>
<doc>Click the element identified by ``locator``.</doc>
<msg timestamp="20220303 16:06:07.045" level="INFO">Clicking element 'xpath://button[@class='button-1 login-button']'.</msg>
<status status="PASS" starttime="20220303 16:06:07.045" endtime="20220303 16:06:07.475"/>
</kw>
<status status="PASS" starttime="20220303 16:06:07.044" endtime="20220303 16:06:07.476"/>
</kw>
<status status="PASS" starttime="20220303 16:06:06.770" endtime="20220303 16:06:07.476"/>
</kw>
<doc>Login was unsuccessful.</doc>
<status status="PASS" starttime="20220303 16:06:06.768" endtime="20220303 16:06:07.478"/>
</test>
<test id="s1-t2" name="LoginTestwithCSV using admin@yourstone.com and xyz">
<kw name="InvalidLogin">
<arg>admin@yourstone.com</arg>
<arg>xyz</arg>
<kw name="InputUsername" library="Login_resources">
<arg>${username}</arg>
<kw name="Input Text" library="SeleniumLibrary">
<arg>name:Email</arg>
<arg>${username}</arg>
<doc>Types the given ``text`` into the text field identified by ``locator``.</doc>
<msg timestamp="20220303 16:06:07.494" level="INFO">Typing text 'admin@yourstone.com' into text field 'name:Email'.</msg>
<status status="PASS" starttime="20220303 16:06:07.493" endtime="20220303 16:06:07.636"/>
</kw>
<status status="PASS" starttime="20220303 16:06:07.492" endtime="20220303 16:06:07.637"/>
</kw>
<kw name="InputPWD" library="Login_resources">
<arg>${password}</arg>
<kw name="Input Text" library="SeleniumLibrary">
<arg>name:Password</arg>
<arg>${password}</arg>
<doc>Types the given ``text`` into the text field identified by ``locator``.</doc>
<msg timestamp="20220303 16:06:07.638" level="INFO">Typing text 'xyz' into text field 'name:Password'.</msg>
<status status="PASS" starttime="20220303 16:06:07.638" endtime="20220303 16:06:07.765"/>
</kw>
<status status="PASS" starttime="20220303 16:06:07.637" endtime="20220303 16:06:07.765"/>
</kw>
<kw name="ClickLoginButton" library="Login_resources">
<kw name="Click Element" library="SeleniumLibrary">
<arg>xpath://button[@class='button-1 login-button']</arg>
<doc>Click the element identified by ``locator``.</doc>
<msg timestamp="20220303 16:06:07.766" level="INFO">Clicking element 'xpath://button[@class='button-1 login-button']'.</msg>
<status status="PASS" starttime="20220303 16:06:07.766" endtime="20220303 16:06:08.151"/>
</kw>
<status status="PASS" starttime="20220303 16:06:07.765" endtime="20220303 16:06:08.152"/>
</kw>
<status status="PASS" starttime="20220303 16:06:07.492" endtime="20220303 16:06:08.152"/>
</kw>
<doc>Login was unsuccessful.</doc>
<status status="PASS" starttime="20220303 16:06:07.484" endtime="20220303 16:06:08.153"/>
</test>
<test id="s1-t3" name="LoginTestwithCSV using  and admin">
<kw name="InvalidLogin">
<arg>${EMPTY}</arg>
<arg>admin</arg>
<kw name="InputUsername" library="Login_resources">
<arg>${username}</arg>
<kw name="Input Text" library="SeleniumLibrary">
<arg>name:Email</arg>
<arg>${username}</arg>
<doc>Types the given ``text`` into the text field identified by ``locator``.</doc>
<msg timestamp="20220303 16:06:08.168" level="INFO">Typing text '' into text field 'name:Email'.</msg>
<status status="PASS" starttime="20220303 16:06:08.167" endtime="20220303 16:06:08.281"/>
</kw>
<status status="PASS" starttime="20220303 16:06:08.167" endtime="20220303 16:06:08.282"/>
</kw>
<kw name="InputPWD" library="Login_resources">
<arg>${password}</arg>
<kw name="Input Text" library="SeleniumLibrary">
<arg>name:Password</arg>
<arg>${password}</arg>
<doc>Types the given ``text`` into the text field identified by ``locator``.</doc>
<msg timestamp="20220303 16:06:08.283" level="INFO">Typing text 'admin' into text field 'name:Password'.</msg>
<status status="PASS" starttime="20220303 16:06:08.283" endtime="20220303 16:06:08.397"/>
</kw>
<status status="PASS" starttime="20220303 16:06:08.282" endtime="20220303 16:06:08.397"/>
</kw>
<kw name="ClickLoginButton" library="Login_resources">
<kw name="Click Element" library="SeleniumLibrary">
<arg>xpath://button[@class='button-1 login-button']</arg>
<doc>Click the element identified by ``locator``.</doc>
<msg timestamp="20220303 16:06:08.399" level="INFO">Clicking element 'xpath://button[@class='button-1 login-button']'.</msg>
<status status="PASS" starttime="20220303 16:06:08.398" endtime="20220303 16:06:08.468"/>
</kw>
<status status="PASS" starttime="20220303 16:06:08.397" endtime="20220303 16:06:08.469"/>
</kw>
<status status="PASS" starttime="20220303 16:06:08.163" endtime="20220303 16:06:08.469"/>
</kw>
<doc>Please enter your email</doc>
<status status="PASS" starttime="20220303 16:06:08.155" endtime="20220303 16:06:08.470"/>
</test>
<test id="s1-t4" name="LoginTestwithCSV using admin@yourstone.com and ">
<kw name="InvalidLogin">
<arg>admin@yourstone.com</arg>
<arg>${EMPTY}</arg>
<kw name="InputUsername" library="Login_resources">
<arg>${username}</arg>
<kw name="Input Text" library="SeleniumLibrary">
<arg>name:Email</arg>
<arg>${username}</arg>
<doc>Types the given ``text`` into the text field identified by ``locator``.</doc>
<msg timestamp="20220303 16:06:08.477" level="INFO">Typing text 'admin@yourstone.com' into text field 'name:Email'.</msg>
<status status="PASS" starttime="20220303 16:06:08.477" endtime="20220303 16:06:08.593"/>
</kw>
<status status="PASS" starttime="20220303 16:06:08.476" endtime="20220303 16:06:08.593"/>
</kw>
<kw name="InputPWD" library="Login_resources">
<arg>${password}</arg>
<kw name="Input Text" library="SeleniumLibrary">
<arg>name:Password</arg>
<arg>${password}</arg>
<doc>Types the given ``text`` into the text field identified by ``locator``.</doc>
<msg timestamp="20220303 16:06:08.594" level="INFO">Typing text '' into text field 'name:Password'.</msg>
<status status="PASS" starttime="20220303 16:06:08.594" endtime="20220303 16:06:08.684"/>
</kw>
<status status="PASS" starttime="20220303 16:06:08.594" endtime="20220303 16:06:08.685"/>
</kw>
<kw name="ClickLoginButton" library="Login_resources">
<kw name="Click Element" library="SeleniumLibrary">
<arg>xpath://button[@class='button-1 login-button']</arg>
<doc>Click the element identified by ``locator``.</doc>
<msg timestamp="20220303 16:06:08.686" level="INFO">Clicking element 'xpath://button[@class='button-1 login-button']'.</msg>
<status status="PASS" starttime="20220303 16:06:08.685" endtime="20220303 16:06:09.046"/>
</kw>
<status status="PASS" starttime="20220303 16:06:08.685" endtime="20220303 16:06:09.046"/>
</kw>
<status status="PASS" starttime="20220303 16:06:08.475" endtime="20220303 16:06:09.047"/>
</kw>
<doc>Login was unsuccessful.</doc>
<status status="PASS" starttime="20220303 16:06:08.472" endtime="20220303 16:06:09.047"/>
</test>
<test id="s1-t5" name="LoginTestwithCSV using  and ">
<kw name="InvalidLogin">
<arg>${EMPTY}</arg>
<arg>${EMPTY}</arg>
<kw name="InputUsername" library="Login_resources">
<arg>${username}</arg>
<kw name="Input Text" library="SeleniumLibrary">
<arg>name:Email</arg>
<arg>${username}</arg>
<doc>Types the given ``text`` into the text field identified by ``locator``.</doc>
<msg timestamp="20220303 16:06:09.060" level="INFO">Typing text '' into text field 'name:Email'.</msg>
<status status="PASS" starttime="20220303 16:06:09.060" endtime="20220303 16:06:09.165"/>
</kw>
<status status="PASS" starttime="20220303 16:06:09.059" endtime="20220303 16:06:09.165"/>
</kw>
<kw name="InputPWD" library="Login_resources">
<arg>${password}</arg>
<kw name="Input Text" library="SeleniumLibrary">
<arg>name:Password</arg>
<arg>${password}</arg>
<doc>Types the given ``text`` into the text field identified by ``locator``.</doc>
<msg timestamp="20220303 16:06:09.167" level="INFO">Typing text '' into text field 'name:Password'.</msg>
<status status="PASS" starttime="20220303 16:06:09.166" endtime="20220303 16:06:09.274"/>
</kw>
<status status="PASS" starttime="20220303 16:06:09.165" endtime="20220303 16:06:09.274"/>
</kw>
<kw name="ClickLoginButton" library="Login_resources">
<kw name="Click Element" library="SeleniumLibrary">
<arg>xpath://button[@class='button-1 login-button']</arg>
<doc>Click the element identified by ``locator``.</doc>
<msg timestamp="20220303 16:06:09.275" level="INFO">Clicking element 'xpath://button[@class='button-1 login-button']'.</msg>
<status status="PASS" starttime="20220303 16:06:09.275" endtime="20220303 16:06:09.344"/>
</kw>
<status status="PASS" starttime="20220303 16:06:09.275" endtime="20220303 16:06:09.344"/>
</kw>
<status status="PASS" starttime="20220303 16:06:09.057" endtime="20220303 16:06:09.344"/>
</kw>
<doc>Please enter your email</doc>
<status status="PASS" starttime="20220303 16:06:09.053" endtime="20220303 16:06:09.346"/>
</test>
<test id="s1-t6" name="LoginTestwithCSV using adm@yourstone.com and admin">
<kw name="InvalidLogin">
<arg>adm@yourstone.com</arg>
<arg>admin</arg>
<kw name="InputUsername" library="Login_resources">
<arg>${username}</arg>
<kw name="Input Text" library="SeleniumLibrary">
<arg>name:Email</arg>
<arg>${username}</arg>
<doc>Types the given ``text`` into the text field identified by ``locator``.</doc>
<msg timestamp="20220303 16:06:09.353" level="INFO">Typing text 'adm@yourstone.com' into text field 'name:Email'.</msg>
<status status="PASS" starttime="20220303 16:06:09.352" endtime="20220303 16:06:09.461"/>
</kw>
<status status="PASS" starttime="20220303 16:06:09.352" endtime="20220303 16:06:09.461"/>
</kw>
<kw name="InputPWD" library="Login_resources">
<arg>${password}</arg>
<kw name="Input Text" library="SeleniumLibrary">
<arg>name:Password</arg>
<arg>${password}</arg>
<doc>Types the given ``text`` into the text field identified by ``locator``.</doc>
<msg timestamp="20220303 16:06:09.463" level="INFO">Typing text 'admin' into text field 'name:Password'.</msg>
<status status="PASS" starttime="20220303 16:06:09.462" endtime="20220303 16:06:09.550"/>
</kw>
<status status="PASS" starttime="20220303 16:06:09.461" endtime="20220303 16:06:09.550"/>
</kw>
<kw name="ClickLoginButton" library="Login_resources">
<kw name="Click Element" library="SeleniumLibrary">
<arg>xpath://button[@class='button-1 login-button']</arg>
<doc>Click the element identified by ``locator``.</doc>
<msg timestamp="20220303 16:06:09.552" level="INFO">Clicking element 'xpath://button[@class='button-1 login-button']'.</msg>
<status status="PASS" starttime="20220303 16:06:09.551" endtime="20220303 16:06:09.935"/>
</kw>
<status status="PASS" starttime="20220303 16:06:09.550" endtime="20220303 16:06:09.935"/>
</kw>
<status status="PASS" starttime="20220303 16:06:09.351" endtime="20220303 16:06:09.936"/>
</kw>
<doc>Login was unsuccessful.</doc>
<status status="PASS" starttime="20220303 16:06:09.348" endtime="20220303 16:06:09.936"/>
</test>
<test id="s1-t7" name="LoginTestwithCSV using adm@yourstone.com and ">
<kw name="InvalidLogin">
<arg>adm@yourstone.com</arg>
<arg>${EMPTY}</arg>
<kw name="InputUsername" library="Login_resources">
<arg>${username}</arg>
<kw name="Input Text" library="SeleniumLibrary">
<arg>name:Email</arg>
<arg>${username}</arg>
<doc>Types the given ``text`` into the text field identified by ``locator``.</doc>
<msg timestamp="20220303 16:06:09.946" level="INFO">Typing text 'adm@yourstone.com' into text field 'name:Email'.</msg>
<status status="PASS" starttime="20220303 16:06:09.945" endtime="20220303 16:06:10.077"/>
</kw>
<status status="PASS" starttime="20220303 16:06:09.945" endtime="20220303 16:06:10.077"/>
</kw>
<kw name="InputPWD" library="Login_resources">
<arg>${password}</arg>
<kw name="Input Text" library="SeleniumLibrary">
<arg>name:Password</arg>
<arg>${password}</arg>
<doc>Types the given ``text`` into the text field identified by ``locator``.</doc>
<msg timestamp="20220303 16:06:10.079" level="INFO">Typing text '' into text field 'name:Password'.</msg>
<status status="PASS" starttime="20220303 16:06:10.078" endtime="20220303 16:06:10.194"/>
</kw>
<status status="PASS" starttime="20220303 16:06:10.077" endtime="20220303 16:06:10.194"/>
</kw>
<kw name="ClickLoginButton" library="Login_resources">
<kw name="Click Element" library="SeleniumLibrary">
<arg>xpath://button[@class='button-1 login-button']</arg>
<doc>Click the element identified by ``locator``.</doc>
<msg timestamp="20220303 16:06:10.196" level="INFO">Clicking element 'xpath://button[@class='button-1 login-button']'.</msg>
<status status="PASS" starttime="20220303 16:06:10.195" endtime="20220303 16:06:10.572"/>
</kw>
<status status="PASS" starttime="20220303 16:06:10.195" endtime="20220303 16:06:10.572"/>
</kw>
<status status="PASS" starttime="20220303 16:06:09.943" endtime="20220303 16:06:10.572"/>
</kw>
<doc>Login was unsuccessful.</doc>
<status status="PASS" starttime="20220303 16:06:09.939" endtime="20220303 16:06:10.573"/>
</test>
<kw name="Close" library="Login_resources" type="TEARDOWN">
<kw name="Close Browser" library="SeleniumLibrary">
<doc>Closes the current browser.</doc>
<status status="PASS" starttime="20220303 16:06:10.579" endtime="20220303 16:06:12.698"/>
</kw>
<status status="PASS" starttime="20220303 16:06:10.578" endtime="20220303 16:06:12.699"/>
</kw>
<doc>Data Driven Testing Using CSV File</doc>
<status status="PASS" starttime="20220303 16:06:02.911" endtime="20220303 16:06:12.699"/>
</suite>
<statistics>
<total>
<stat pass="7" fail="0" skip="0">All Tests</stat>
</total>
<tag>
</tag>
<suite>
<stat pass="7" fail="0" skip="0" id="s1" name="DDT2 Csv">DDT2 Csv</stat>
</suite>
</statistics>
<errors>
</errors>
</robot>
